<?xml version="1.0" encoding="UTF-8"?>
<!-- Generated by org.testng.reporters.JUnitXMLReporter -->
<testsuite ignored="0" hostname="CHE7-L22927" failures="0" tests="4" name="Default test" time="5.917" errors="0" timestamp="2023-07-28T12:29:33 IST">
  <testcase classname="day01_Restassured.HTTPRequests" name="getUsers" time="2.497"/>
  <testcase classname="day01_Restassured.HTTPRequests" name="createUser" time="1.078"/>
  <testcase classname="day01_Restassured.HTTPRequests" name="updateUser" time="1.062"/>
  <testcase classname="day01_Restassured.HTTPRequests" name="deleteUser" time="1.234"/>
</testsuite> <!-- Default test -->
