<?xml version="1.0" encoding="UTF-8"?>
<testng-results ignored="0" total="4" passed="4" failed="0" skipped="0">
  <reporter-output>
  </reporter-output>
  <suite started-at="2023-07-28T12:29:27 IST" name="Default suite" finished-at="2023-07-28T12:29:33 IST" duration-ms="5917">
    <groups>
    </groups>
    <test started-at="2023-07-28T12:29:27 IST" name="Default test" finished-at="2023-07-28T12:29:33 IST" duration-ms="5917">
      <class name="day01_Restassured.HTTPRequests">
        <test-method signature="getUsers()[pri:1, instance:day01_Restassured.HTTPRequests@298a5e20]" started-at="2023-07-28T12:29:27 IST" name="getUsers" finished-at="2023-07-28T12:29:30 IST" duration-ms="2497" status="PASS">
          <reporter-output>
          </reporter-output>
        </test-method> <!-- getUsers -->
        <test-method signature="createUser()[pri:2, instance:day01_Restassured.HTTPRequests@298a5e20]" started-at="2023-07-28T12:29:30 IST" name="createUser" finished-at="2023-07-28T12:29:31 IST" duration-ms="1078" status="PASS">
          <reporter-output>
          </reporter-output>
        </test-method> <!-- createUser -->
        <test-method signature="updateUser()[pri:3, instance:day01_Restassured.HTTPRequests@298a5e20]" started-at="2023-07-28T12:29:31 IST" name="updateUser" finished-at="2023-07-28T12:29:32 IST" depends-on-methods="day01_Restassured.HTTPRequests.createUser" duration-ms="1062" status="PASS">
          <reporter-output>
          </reporter-output>
        </test-method> <!-- updateUser -->
        <test-method signature="deleteUser()[pri:4, instance:day01_Restassured.HTTPRequests@298a5e20]" started-at="2023-07-28T12:29:32 IST" name="deleteUser" finished-at="2023-07-28T12:29:33 IST" duration-ms="1234" status="PASS">
          <reporter-output>
          </reporter-output>
        </test-method> <!-- deleteUser -->
      </class> <!-- day01_Restassured.HTTPRequests -->
    </test> <!-- Default test -->
  </suite> <!-- Default suite -->
</testng-results>
